# JRE version: OpenJDK Runtime Environment (7.0_51) (build 1.7.0_51-b00)
# Java VM: OpenJDK 64-Bit Server VM (24.45-b08 mixed mode linux-amd64 compressed oops)
Heap
 PSYoungGen      total 74240K, used 2670K [0x00000000f8000000, 0x00000000fd300000, 0x0000000100000000)
  eden space 64512K, 4% used [0x00000000f8000000,0x00000000f829b8c0,0x00000000fbf00000)
  from space 9728K, 0% used [0x00000000fc980000,0x00000000fc980000,0x00000000fd300000)
  to   space 10240K, 0% used [0x00000000fbf00000,0x00000000fbf00000,0x00000000fc900000)
 ParOldGen       total 66048K, used 16501K [0x00000000e8000000, 0x00000000ec080000, 0x00000000f8000000)
  object space 66048K, 24% used [0x00000000e8000000,0x00000000e901d548,0x00000000ec080000)
 PSPermGen       total 62976K, used 60920K [0x00000000d8000000, 0x00000000dbd80000, 0x00000000e8000000)
  object space 62976K, 96% used [0x00000000d8000000,0x00000000dbb7e220,0x00000000dbd80000)
GC Heap History (10 events):
Event: 4755.896 GC heap before
{Heap before GC invocations=51 (full 23):
 PSYoungGen      total 74752K, used 64K [0x00000000f8000000, 0x00000000fd500000, 0x0000000100000000)
  eden space 64512K, 0% used [0x00000000f8000000,0x00000000f8000000,0x00000000fbf00000)
  from space 10240K, 0% used [0x00000000fcb00000,0x00000000fcb10000,0x00000000fd500000)
  to   space 11264K, 0% used [0x00000000fbf00000,0x00000000fbf00000,0x00000000fca00000)
 ParOldGen       total 66048K, used 16557K [0x00000000e8000000, 0x00000000ec080000, 0x00000000f8000000)
  object space 66048K, 25% used [0x00000000e8000000,0x00000000e902b6c8,0x00000000ec080000)
 PSPermGen       total 64512K, used 60916K [0x00000000d8000000, 0x00000000dbf00000, 0x00000000e8000000)
  object space 64512K, 94% used [0x00000000d8000000,0x00000000dbb7d3f0,0x00000000dbf00000)
Event: 4755.990 GC heap after
Heap after GC invocations=51 (full 23):
 PSYoungGen      total 74752K, used 0K [0x00000000f8000000, 0x00000000fd500000, 0x0000000100000000)
  eden space 64512K, 0% used [0x00000000f8000000,0x00000000f8000000,0x00000000fbf00000)
  from space 10240K, 0% used [0x00000000fcb00000,0x00000000fcb00000,0x00000000fd500000)
  to   space 11264K, 0% used [0x00000000fbf00000,0x00000000fbf00000,0x00000000fca00000)
 ParOldGen       total 66048K, used 16557K [0x00000000e8000000, 0x00000000ec080000, 0x00000000f8000000)
  object space 66048K, 25% used [0x00000000e8000000,0x00000000e902b6c8,0x00000000ec080000)
 PSPermGen       total 64000K, used 60916K [0x00000000d8000000, 0x00000000dbe80000, 0x00000000e8000000)
  object space 64000K, 95% used [0x00000000d8000000,0x00000000dbb7d3f0,0x00000000dbe80000)
}
Event: 4815.891 GC heap before
{Heap before GC invocations=52 (full 23):
 PSYoungGen      total 74752K, used 1735K [0x00000000f8000000, 0x00000000fd500000, 0x0000000100000000)
  eden space 64512K, 2% used [0x00000000f8000000,0x00000000f81b1c90,0x00000000fbf00000)
  from space 10240K, 0% used [0x00000000fcb00000,0x00000000fcb00000,0x00000000fd500000)
  to   space 11264K, 0% used [0x00000000fbf00000,0x00000000fbf00000,0x00000000fca00000)
 ParOldGen       total 66048K, used 16557K [0x00000000e8000000, 0x00000000ec080000, 0x00000000f8000000)
  object space 66048K, 25% used [0x00000000e8000000,0x00000000e902b6c8,0x00000000ec080000)
 PSPermGen       total 64000K, used 60916K [0x00000000d8000000, 0x00000000dbe80000, 0x00000000e8000000)
  object space 64000K, 95% used [0x00000000d8000000,0x00000000dbb7d3f0,0x00000000dbe80000)
Event: 4815.897 GC heap after
Heap after GC invocations=52 (full 23):
 PSYoungGen      total 65024K, used 64K [0x00000000f8000000, 0x00000000fd400000, 0x0000000100000000)
  eden space 64512K, 0% used [0x00000000f8000000,0x00000000f8000000,0x00000000fbf00000)
  from space 512K, 12% used [0x00000000fbf00000,0x00000000fbf10000,0x00000000fbf80000)
  to   space 10752K, 0% used [0x00000000fc980000,0x00000000fc980000,0x00000000fd400000)
 ParOldGen       total 66048K, used 16557K [0x00000000e8000000, 0x00000000ec080000, 0x00000000f8000000)
  object space 66048K, 25% used [0x00000000e8000000,0x00000000e902b6c8,0x00000000ec080000)
 PSPermGen       total 64000K, used 60916K [0x00000000d8000000, 0x00000000dbe80000, 0x00000000e8000000)
  object space 64000K, 95% used [0x00000000d8000000,0x00000000dbb7d3f0,0x00000000dbe80000)
}
Event: 4815.897 GC heap before
{Heap before GC invocations=53 (full 24):
 PSYoungGen      total 65024K, used 64K [0x00000000f8000000, 0x00000000fd400000, 0x0000000100000000)
  eden space 64512K, 0% used [0x00000000f8000000,0x00000000f8000000,0x00000000fbf00000)
  from space 512K, 12% used [0x00000000fbf00000,0x00000000fbf10000,0x00000000fbf80000)
  to   space 10752K, 0% used [0x00000000fc980000,0x00000000fc980000,0x00000000fd400000)
 ParOldGen       total 66048K, used 16557K [0x00000000e8000000, 0x00000000ec080000, 0x00000000f8000000)
  object space 66048K, 25% used [0x00000000e8000000,0x00000000e902b6c8,0x00000000ec080000)
 PSPermGen       total 64000K, used 60916K [0x00000000d8000000, 0x00000000dbe80000, 0x00000000e8000000)
  object space 64000K, 95% used [0x00000000d8000000,0x00000000dbb7d3f0,0x00000000dbe80000)
Event: 4815.987 GC heap after
Heap after GC invocations=53 (full 24):
 PSYoungGen      total 65024K, used 0K [0x00000000f8000000, 0x00000000fd400000, 0x0000000100000000)
  eden space 64512K, 0% used [0x00000000f8000000,0x00000000f8000000,0x00000000fbf00000)
  from space 512K, 0% used [0x00000000fbf00000,0x00000000fbf00000,0x00000000fbf80000)
  to   space 10752K, 0% used [0x00000000fc980000,0x00000000fc980000,0x00000000fd400000)
 ParOldGen       total 66048K, used 16557K [0x00000000e8000000, 0x00000000ec080000, 0x00000000f8000000)
  object space 66048K, 25% used [0x00000000e8000000,0x00000000e902b6c8,0x00000000ec080000)
 PSPermGen       total 63488K, used 60916K [0x00000000d8000000, 0x00000000dbe00000, 0x00000000e8000000)
  object space 63488K, 95% used [0x00000000d8000000,0x00000000dbb7d3f0,0x00000000dbe00000)
}
Event: 4876.480 GC heap before
{Heap before GC invocations=54 (full 24):
 PSYoungGen      total 65024K, used 1997K [0x00000000f8000000, 0x00000000fd400000, 0x0000000100000000)
  eden space 64512K, 3% used [0x00000000f8000000,0x00000000f81f36d8,0x00000000fbf00000)
  from space 512K, 0% used [0x00000000fbf00000,0x00000000fbf00000,0x00000000fbf80000)
  to   space 10752K, 0% used [0x00000000fc980000,0x00000000fc980000,0x00000000fd400000)
 ParOldGen       total 66048K, used 16557K [0x00000000e8000000, 0x00000000ec080000, 0x00000000f8000000)
  object space 66048K, 25% used [0x00000000e8000000,0x00000000e902b6c8,0x00000000ec080000)
 PSPermGen       total 63488K, used 60917K [0x00000000d8000000, 0x00000000dbe00000, 0x00000000e8000000)
  object space 63488K, 95% used [0x00000000d8000000,0x00000000dbb7d730,0x00000000dbe00000)
Event: 4876.487 GC heap after
Heap after GC invocations=54 (full 24):
 PSYoungGen      total 74240K, used 64K [0x00000000f8000000, 0x00000000fd300000, 0x0000000100000000)
  eden space 64512K, 0% used [0x00000000f8000000,0x00000000f8000000,0x00000000fbf00000)
  from space 9728K, 0% used [0x00000000fc980000,0x00000000fc990000,0x00000000fd300000)
  to   space 10240K, 0% used [0x00000000fbf00000,0x00000000fbf00000,0x00000000fc900000)
 ParOldGen       total 66048K, used 16557K [0x00000000e8000000, 0x00000000ec080000, 0x00000000f8000000)
  object space 66048K, 25% used [0x00000000e8000000,0x00000000e902b6c8,0x00000000ec080000)
 PSPermGen       total 63488K, used 60917K [0x00000000d8000000, 0x00000000dbe00000, 0x00000000e8000000)
  object space 63488K, 95% used [0x00000000d8000000,0x00000000dbb7d730,0x00000000dbe00000)
}
Event: 4876.487 GC heap before
{Heap before GC invocations=55 (full 25):
 PSYoungGen      total 74240K, used 64K [0x00000000f8000000, 0x00000000fd300000, 0x0000000100000000)
  eden space 64512K, 0% used [0x00000000f8000000,0x00000000f8000000,0x00000000fbf00000)
  from space 9728K, 0% used [0x00000000fc980000,0x00000000fc990000,0x00000000fd300000)
  to   space 10240K, 0% used [0x00000000fbf00000,0x00000000fbf00000,0x00000000fc900000)
 ParOldGen       total 66048K, used 16557K [0x00000000e8000000, 0x00000000ec080000, 0x00000000f8000000)
  object space 66048K, 25% used [0x00000000e8000000,0x00000000e902b6c8,0x00000000ec080000)
 PSPermGen       total 63488K, used 60917K [0x00000000d8000000, 0x00000000dbe00000, 0x00000000e8000000)
  object space 63488K, 95% used [0x00000000d8000000,0x00000000dbb7d730,0x00000000dbe00000)
Event: 4876.589 GC heap after
Heap after GC invocations=55 (full 25):
 PSYoungGen      total 74240K, used 0K [0x00000000f8000000, 0x00000000fd300000, 0x0000000100000000)
  eden space 64512K, 0% used [0x00000000f8000000,0x00000000f8000000,0x00000000fbf00000)
  from space 9728K, 0% used [0x00000000fc980000,0x00000000fc980000,0x00000000fd300000)
  to   space 10240K, 0% used [0x00000000fbf00000,0x00000000fbf00000,0x00000000fc900000)
 ParOldGen       total 66048K, used 16501K [0x00000000e8000000, 0x00000000ec080000, 0x00000000f8000000)
  object space 66048K, 24% used [0x00000000e8000000,0x00000000e901d548,0x00000000ec080000)
 PSPermGen       total 62976K, used 60914K [0x00000000d8000000, 0x00000000dbd80000, 0x00000000e8000000)
  object space 62976K, 96% used [0x00000000d8000000,0x00000000dbb7cb78,0x00000000dbd80000)
}

